<?xml version="1.0" encoding="UTF-8"?>
<!-- Generated by org.testng.reporters.JUnitReportReporter -->
<testsuite hostname="LAPTOP-Q2STVJ3V" failures="0" tests="1" name="gocd1.test.gocdChromeLaunch" time="8.629" errors="0" timestamp="2020-05-03T19:27:15 IST" skipped="0">
  <testcase classname="gocd1.test.gocdChromeLaunch" name="execute" time="8.629"/>
  <system-out/>
</testsuite> <!-- gocd1.test.gocdChromeLaunch -->
