<?xml version="1.0" encoding="UTF-8"?>
<!-- Generated by org.testng.reporters.JUnitReportReporter -->
<testsuite hostname="LAPTOP-Q2STVJ3V" failures="0" tests="1" name="gocd1.test.gocdChromeLaunch" time="10.918" errors="0" timestamp="03 May 2020 16:44:28 GMT" skipped="0">
  <testcase classname="gocd1.test.gocdChromeLaunch" name="execute" time="10.918"/>
</testsuite> <!-- gocd1.test.gocdChromeLaunch -->
